Looking for git in: git
Using git 1.8.3.1 from git
> git rev-parse --git-dir
Open repository: /root/ansible-wordpress-role
> git status -z -u
> git symbolic-ref --short HEAD
> git rev-parse master
> git rev-parse --symbolic-full-name master@{u}
> git rev-list --left-right master...refs/remotes/origin/master
> git for-each-ref --sort -committerdate --format %(refname) %(objectname) %(*objectname)
> git remote --verbose
Warning: Failed to watch ref '/root/ansible-wordpress-role/.git/refs/remotes/origin/master', is most likely packed.
> git config --get commit.template
> git show --textconv :roles/ansible-role-php/defaults/main.yml
> git ls-files --stage -- /root/ansible-wordpress-role/roles/ansible-role-php/defaults/main.yml
> git cat-file -s 847ca360113157e1de47c8c71fe77ba05cefea0d
> git check-ignore -v -z --stdin
> git ls-files --stage -- /root/ansible-wordpress-role/roles/ansible-role-php/defaults/main.yml
> git cat-file -s 847ca360113157e1de47c8c71fe77ba05cefea0d
> git show --textconv :roles/ansible-role-php/defaults/main.yml
> git status -z -u
> git symbolic-ref --short HEAD
> git rev-parse master
> git rev-parse --symbolic-full-name master@{u}
> git rev-list --left-right master...refs/remotes/origin/master
> git for-each-ref --sort -committerdate --format %(refname) %(objectname) %(*objectname)
> git remote --verbose
Warning: Failed to watch ref '/root/ansible-wordpress-role/.git/refs/remotes/origin/master', is most likely packed.
> git config --get commit.template
> git check-ignore -v -z --stdin
> git show --textconv :roles/ansible-role-hostname/meta/main.yml
> git ls-files --stage -- /root/ansible-wordpress-role/roles/ansible-role-hostname/meta/main.yml
> git cat-file -s 2f20ce88599a85b1992fb2c473bd9645fa53d18e
> git show --textconv :roles/ansible-role-php/tasks/main.yml
> git ls-files --stage -- /root/ansible-wordpress-role/roles/ansible-role-php/tasks/main.yml
> git cat-file -s d07cb87349461bbd61ab8465416cda8ab3f0297f
> git show --textconv :install_wordpress.yml
> git ls-files --stage -- /root/ansible-wordpress-role/install_wordpress.yml
> git cat-file -s d8a170ac9e63348d23d3f93de9d7ed64bac8765a
> git show --textconv :roles/ansible-role-php/defaults/main.yml
> git ls-files --stage -- /root/ansible-wordpress-role/roles/ansible-role-php/defaults/main.yml
> git cat-file -s 847ca360113157e1de47c8c71fe77ba05cefea0d
> git show --textconv :install_wordpress.yml
> git ls-files --stage -- /root/ansible-wordpress-role/install_wordpress.yml
> git cat-file -s d8a170ac9e63348d23d3f93de9d7ed64bac8765a
> git show --textconv :roles/ansible-role-php/tasks/main.yml
> git ls-files --stage -- /root/ansible-wordpress-role/roles/ansible-role-php/tasks/main.yml
> git cat-file -s d07cb87349461bbd61ab8465416cda8ab3f0297f
> git show --textconv :roles/ansible-role-hostname/meta/main.yml
> git ls-files --stage -- /root/ansible-wordpress-role/roles/ansible-role-hostname/meta/main.yml
> git cat-file -s 2f20ce88599a85b1992fb2c473bd9645fa53d18e
> git check-ignore -v -z --stdin
