Looking for git in: git
Using git 1.8.3.1 from git
> git rev-parse --git-dir
Open repository: /root/ansible-playbooks
> git status -z -u
> git symbolic-ref --short HEAD
> git rev-parse master
> git rev-parse --symbolic-full-name master@{u}
> git rev-list --left-right master...refs/remotes/origin/master
> git for-each-ref --sort -committerdate --format %(refname) %(objectname) %(*objectname)
> git remote --verbose
Warning: Failed to watch ref '/root/ansible-playbooks/.git/refs/remotes/origin/master', is most likely packed.
> git config --get commit.template
> git show --textconv :wordpress-lamp_ubuntu1804/readme.md
> git ls-files --stage -- /root/ansible-playbooks/wordpress-lamp_ubuntu1804/readme.md
> git check-ignore -v -z --stdin
> git cat-file -s 8ca3d26d760bd57c7a62164189d4a67a11d20c95
> git ls-files --stage -- /root/ansible-playbooks/wordpress-lamp_ubuntu1804/readme.md
> git cat-file -s 8ca3d26d760bd57c7a62164189d4a67a11d20c95
> git show --textconv :wordpress-lamp_ubuntu1804/readme.md
> git status -z -u
> git symbolic-ref --short HEAD
> git rev-parse master
> git rev-parse --symbolic-full-name master@{u}
> git rev-list --left-right master...refs/remotes/origin/master
> git for-each-ref --sort -committerdate --format %(refname) %(objectname) %(*objectname)
> git remote --verbose
Warning: Failed to watch ref '/root/ansible-playbooks/.git/refs/remotes/origin/master', is most likely packed.
> git config --get commit.template
> git check-ignore -v -z --stdin
> git status -z -u
> git symbolic-ref --short HEAD
> git rev-parse master
> git rev-parse --symbolic-full-name master@{u}
> git rev-list --left-right master...refs/remotes/origin/master
> git for-each-ref --sort -committerdate --format %(refname) %(objectname) %(*objectname)
> git remote --verbose
Warning: Failed to watch ref '/root/ansible-playbooks/.git/refs/remotes/origin/master', is most likely packed.
> git config --get commit.template
